<?xml version="1.0" encoding="UTF-8"?>
<!DOCTYPE coverage SYSTEM "http://cobertura.sourceforge.net/xml/coverage-04.dtd">
<coverage line-rate="0.75486381322957" branch-rate="0" lines-covered="194" lines-valid="257" branches-covered="0" branches-valid="0" complexity="83" version="0.4" timestamp="1765620532">
  <sources>
    <source>/home/agx/Documents/Project/ddd-laravel/app</source>
  </sources>
  <packages>
    <package name="Application/Security/PasswordHasher.php" line-rate="0" branch-rate="0" complexity="0">
      <classes/>
    </package>
    <package name="Application/User/DTO/CreateUserDTO.php" line-rate="1" branch-rate="0" complexity="2">
      <classes>
        <class name="App\Application\User\DTO\CreateUserDTO" filename="Application/User/DTO/CreateUserDTO.php" line-rate="1" branch-rate="0" complexity="2">
          <methods>
            <method name="__construct" signature="string $name, string $email, string $password" line-rate="1" branch-rate="0" complexity="1">
              <lines>
                <line number="11" hits="2"/>
              </lines>
            </method>
            <method name="fromRequest" signature="$request" line-rate="1" branch-rate="0" complexity="1">
              <lines>
                <line number="15" hits="1"/>
                <line number="16" hits="1"/>
                <line number="17" hits="1"/>
                <line number="18" hits="1"/>
                <line number="19" hits="1"/>
              </lines>
            </method>
          </methods>
          <lines>
            <line number="11" hits="2"/>
            <line number="15" hits="1"/>
            <line number="16" hits="1"/>
            <line number="17" hits="1"/>
            <line number="18" hits="1"/>
            <line number="19" hits="1"/>
          </lines>
        </class>
      </classes>
    </package>
    <package name="Application/User/DTO/UpdateUserDTO.php" line-rate="1" branch-rate="0" complexity="2">
      <classes>
        <class name="App\Application\User\DTO\UpdateUserDTO" filename="Application/User/DTO/UpdateUserDTO.php" line-rate="1" branch-rate="0" complexity="2">
          <methods>
            <method name="__construct" signature="string $id, ?string $name, ?string $email, ?string $password" line-rate="1" branch-rate="0" complexity="1">
              <lines>
                <line number="12" hits="1"/>
              </lines>
            </method>
            <method name="fromRequest" signature="$request, string $id" line-rate="1" branch-rate="0" complexity="1">
              <lines>
                <line number="16" hits="1"/>
                <line number="17" hits="1"/>
                <line number="18" hits="1"/>
                <line number="19" hits="1"/>
                <line number="20" hits="1"/>
                <line number="21" hits="1"/>
              </lines>
            </method>
          </methods>
          <lines>
            <line number="12" hits="1"/>
            <line number="16" hits="1"/>
            <line number="17" hits="1"/>
            <line number="18" hits="1"/>
            <line number="19" hits="1"/>
            <line number="20" hits="1"/>
            <line number="21" hits="1"/>
          </lines>
        </class>
      </classes>
    </package>
    <package name="Application/User/UseCases/CreateUserHandler.php" line-rate="1" branch-rate="0" complexity="2">
      <classes>
        <class name="App\Application\User\UseCases\CreateUserHandler" filename="Application/User/UseCases/CreateUserHandler.php" line-rate="1" branch-rate="0" complexity="2">
          <methods>
            <method name="__construct" signature="App\Domain\User\Repositories\UserRepositoryInterface $users, App\Application\Security\PasswordHasher $hasher" line-rate="1" branch-rate="0" complexity="1">
              <lines>
                <line number="17" hits="2"/>
              </lines>
            </method>
            <method name="handle" signature="App\Application\User\DTO\CreateUserDTO $dto" line-rate="1" branch-rate="0" complexity="1">
              <lines>
                <line number="21" hits="2"/>
                <line number="22" hits="2"/>
                <line number="23" hits="2"/>
                <line number="24" hits="2"/>
                <line number="25" hits="2"/>
                <line number="27" hits="2"/>
              </lines>
            </method>
          </methods>
          <lines>
            <line number="17" hits="2"/>
            <line number="21" hits="2"/>
            <line number="22" hits="2"/>
            <line number="23" hits="2"/>
            <line number="24" hits="2"/>
            <line number="25" hits="2"/>
            <line number="27" hits="2"/>
          </lines>
        </class>
      </classes>
    </package>
    <package name="Application/User/UseCases/DeleteUserHandler.php" line-rate="0.83333333333333" branch-rate="0" complexity="3">
      <classes>
        <class name="App\Application\User\UseCases\DeleteUserHandler" filename="Application/User/UseCases/DeleteUserHandler.php" line-rate="0.83333333333333" branch-rate="0" complexity="3">
          <methods>
            <method name="__construct" signature="App\Domain\User\Repositories\UserRepositoryInterface $users" line-rate="1" branch-rate="0" complexity="1">
              <lines>
                <line number="13" hits="1"/>
              </lines>
            </method>
            <method name="handle" signature="string $id" line-rate="0.8" branch-rate="0" complexity="2">
              <lines>
                <line number="17" hits="1"/>
                <line number="19" hits="1"/>
                <line number="21" hits="1"/>
                <line number="22" hits="0"/>
                <line number="25" hits="1"/>
              </lines>
            </method>
          </methods>
          <lines>
            <line number="13" hits="1"/>
            <line number="17" hits="1"/>
            <line number="19" hits="1"/>
            <line number="21" hits="1"/>
            <line number="22" hits="0"/>
            <line number="25" hits="1"/>
          </lines>
        </class>
      </classes>
    </package>
    <package name="Application/User/UseCases/GetUserByIdHandler.php" line-rate="0.8" branch-rate="0" complexity="3">
      <classes>
        <class name="App\Application\User\UseCases\GetUserByIdHandler" filename="Application/User/UseCases/GetUserByIdHandler.php" line-rate="0.8" branch-rate="0" complexity="3">
          <methods>
            <method name="__construct" signature="App\Domain\User\Repositories\UserRepositoryInterface $users" line-rate="1" branch-rate="0" complexity="1">
              <lines>
                <line number="14" hits="1"/>
              </lines>
            </method>
            <method name="handle" signature="string $id" line-rate="0.75" branch-rate="0" complexity="2">
              <lines>
                <line number="18" hits="1"/>
                <line number="20" hits="1"/>
                <line number="21" hits="0"/>
                <line number="24" hits="1"/>
              </lines>
            </method>
          </methods>
          <lines>
            <line number="14" hits="1"/>
            <line number="18" hits="1"/>
            <line number="20" hits="1"/>
            <line number="21" hits="0"/>
            <line number="24" hits="1"/>
          </lines>
        </class>
      </classes>
    </package>
    <package name="Application/User/UseCases/GetUsersPaginatedHandler.php" line-rate="1" branch-rate="0" complexity="2">
      <classes>
        <class name="App\Application\User\UseCases\GetUsersPaginatedHandler" filename="Application/User/UseCases/GetUsersPaginatedHandler.php" line-rate="1" branch-rate="0" complexity="2">
          <methods>
            <method name="__construct" signature="App\Domain\User\Repositories\UserRepositoryInterface $users" line-rate="1" branch-rate="0" complexity="1">
              <lines>
                <line number="12" hits="1"/>
              </lines>
            </method>
            <method name="handle" signature="int $perPage" line-rate="1" branch-rate="0" complexity="1">
              <lines>
                <line number="16" hits="1"/>
              </lines>
            </method>
          </methods>
          <lines>
            <line number="12" hits="1"/>
            <line number="16" hits="1"/>
          </lines>
        </class>
      </classes>
    </package>
    <package name="Application/User/UseCases/UpdateUserHandler.php" line-rate="0.5" branch-rate="0" complexity="6">
      <classes>
        <class name="App\Application\User\UseCases\UpdateUserHandler" filename="Application/User/UseCases/UpdateUserHandler.php" line-rate="0.5" branch-rate="0" complexity="6">
          <methods>
            <method name="__construct" signature="App\Domain\User\Repositories\UserRepositoryInterface $users, App\Application\Security\PasswordHasher $hasher" line-rate="1" branch-rate="0" complexity="1">
              <lines>
                <line number="19" hits="1"/>
              </lines>
            </method>
            <method name="handle" signature="App\Application\User\DTO\UpdateUserDTO $dto" line-rate="0.46666666666667" branch-rate="0" complexity="5">
              <lines>
                <line number="23" hits="1"/>
                <line number="25" hits="1"/>
                <line number="26" hits="0"/>
                <line number="29" hits="1"/>
                <line number="30" hits="1"/>
                <line number="33" hits="1"/>
                <line number="34" hits="0"/>
                <line number="37" hits="1"/>
                <line number="38" hits="0"/>
                <line number="39" hits="0"/>
                <line number="40" hits="0"/>
                <line number="41" hits="0"/>
                <line number="42" hits="0"/>
                <line number="43" hits="0"/>
                <line number="46" hits="1"/>
              </lines>
            </method>
          </methods>
          <lines>
            <line number="19" hits="1"/>
            <line number="23" hits="1"/>
            <line number="25" hits="1"/>
            <line number="26" hits="0"/>
            <line number="29" hits="1"/>
            <line number="30" hits="1"/>
            <line number="33" hits="1"/>
            <line number="34" hits="0"/>
            <line number="37" hits="1"/>
            <line number="38" hits="0"/>
            <line number="39" hits="0"/>
            <line number="40" hits="0"/>
            <line number="41" hits="0"/>
            <line number="42" hits="0"/>
            <line number="43" hits="0"/>
            <line number="46" hits="1"/>
          </lines>
        </class>
      </classes>
    </package>
    <package name="Console/Commands/MigrateWithDbCommand.php" line-rate="0" branch-rate="0" complexity="4">
      <classes>
        <class name="App\Console\Commands\MigrateWithDbCommand" filename="Console/Commands/MigrateWithDbCommand.php" line-rate="0" branch-rate="0" complexity="4">
          <methods>
            <method name="handle" signature="" line-rate="0" branch-rate="0" complexity="3">
              <lines>
                <line number="17" hits="0"/>
                <line number="18" hits="0"/>
                <line number="20" hits="0"/>
                <line number="22" hits="0"/>
                <line number="24" hits="0"/>
                <line number="25" hits="0"/>
                <line number="27" hits="0"/>
                <line number="29" hits="0"/>
                <line number="31" hits="0"/>
                <line number="32" hits="0"/>
                <line number="33" hits="0"/>
                <line number="34" hits="0"/>
                <line number="36" hits="0"/>
                <line number="39" hits="0"/>
                <line number="40" hits="0"/>
                <line number="42" hits="0"/>
                <line number="43" hits="0"/>
                <line number="44" hits="0"/>
                <line number="47" hits="0"/>
                <line number="49" hits="0"/>
              </lines>
            </method>
            <method name="createTemporaryPdo" signature="array $config" line-rate="0" branch-rate="0" complexity="1">
              <lines>
                <line number="54" hits="0"/>
                <line number="56" hits="0"/>
                <line number="57" hits="0"/>
                <line number="58" hits="0"/>
              </lines>
            </method>
          </methods>
          <lines>
            <line number="17" hits="0"/>
            <line number="18" hits="0"/>
            <line number="20" hits="0"/>
            <line number="22" hits="0"/>
            <line number="24" hits="0"/>
            <line number="25" hits="0"/>
            <line number="27" hits="0"/>
            <line number="29" hits="0"/>
            <line number="31" hits="0"/>
            <line number="32" hits="0"/>
            <line number="33" hits="0"/>
            <line number="34" hits="0"/>
            <line number="36" hits="0"/>
            <line number="39" hits="0"/>
            <line number="40" hits="0"/>
            <line number="42" hits="0"/>
            <line number="43" hits="0"/>
            <line number="44" hits="0"/>
            <line number="47" hits="0"/>
            <line number="49" hits="0"/>
            <line number="54" hits="0"/>
            <line number="56" hits="0"/>
            <line number="57" hits="0"/>
            <line number="58" hits="0"/>
          </lines>
        </class>
      </classes>
    </package>
    <package name="Domain/User/Entities/User.php" line-rate="0.85" branch-rate="0" complexity="9">
      <classes>
        <class name="App\Domain\User\Entities\User" filename="Domain/User/Entities/User.php" line-rate="0.85" branch-rate="0" complexity="9">
          <methods>
            <method name="__construct" signature="?App\Domain\User\ValueObjects\UserId $id, App\Domain\User\ValueObjects\UserName $name, App\Domain\User\ValueObjects\UserEmail $email, string $password" line-rate="1" branch-rate="0" complexity="1">
              <lines>
                <line number="16" hits="7"/>
              </lines>
            </method>
            <method name="create" signature="App\Domain\User\ValueObjects\UserName $name, App\Domain\User\ValueObjects\UserEmail $email, string $password" line-rate="1" branch-rate="0" complexity="1">
              <lines>
                <line number="20" hits="3"/>
                <line number="21" hits="3"/>
                <line number="22" hits="3"/>
                <line number="23" hits="3"/>
                <line number="24" hits="3"/>
                <line number="25" hits="3"/>
              </lines>
            </method>
            <method name="rename" signature="App\Domain\User\ValueObjects\UserName $name" line-rate="1" branch-rate="0" complexity="1">
              <lines>
                <line number="30" hits="1"/>
                <line number="31" hits="1"/>
                <line number="33" hits="1"/>
              </lines>
            </method>
            <method name="changeEmail" signature="App\Domain\User\ValueObjects\UserEmail $email" line-rate="0" branch-rate="0" complexity="1">
              <lines>
                <line number="38" hits="0"/>
                <line number="39" hits="0"/>
                <line number="41" hits="0"/>
              </lines>
            </method>
            <method name="withId" signature="App\Domain\User\ValueObjects\UserId $id" line-rate="1" branch-rate="0" complexity="1">
              <lines>
                <line number="46" hits="3"/>
                <line number="47" hits="3"/>
                <line number="49" hits="3"/>
              </lines>
            </method>
            <method name="id" signature="" line-rate="1" branch-rate="0" complexity="1">
              <lines>
                <line number="54" hits="6"/>
              </lines>
            </method>
            <method name="name" signature="" line-rate="1" branch-rate="0" complexity="1">
              <lines>
                <line number="59" hits="5"/>
              </lines>
            </method>
            <method name="email" signature="" line-rate="1" branch-rate="0" complexity="1">
              <lines>
                <line number="64" hits="5"/>
              </lines>
            </method>
            <method name="password" signature="" line-rate="1" branch-rate="0" complexity="1">
              <lines>
                <line number="69" hits="3"/>
              </lines>
            </method>
          </methods>
          <lines>
            <line number="16" hits="7"/>
            <line number="20" hits="3"/>
            <line number="21" hits="3"/>
            <line number="22" hits="3"/>
            <line number="23" hits="3"/>
            <line number="24" hits="3"/>
            <line number="25" hits="3"/>
            <line number="30" hits="1"/>
            <line number="31" hits="1"/>
            <line number="33" hits="1"/>
            <line number="38" hits="0"/>
            <line number="39" hits="0"/>
            <line number="41" hits="0"/>
            <line number="46" hits="3"/>
            <line number="47" hits="3"/>
            <line number="49" hits="3"/>
            <line number="54" hits="6"/>
            <line number="59" hits="5"/>
            <line number="64" hits="5"/>
            <line number="69" hits="3"/>
          </lines>
        </class>
      </classes>
    </package>
    <package name="Domain/User/Repositories/UserRepositoryInterface.php" line-rate="0" branch-rate="0" complexity="0">
      <classes/>
    </package>
    <package name="Domain/User/ValueObjects/UserEmail.php" line-rate="0.66666666666667" branch-rate="0" complexity="3">
      <classes>
        <class name="App\Domain\User\ValueObjects\UserEmail" filename="Domain/User/ValueObjects/UserEmail.php" line-rate="0.66666666666667" branch-rate="0" complexity="3">
          <methods>
            <method name="__construct" signature="string $value" line-rate="0.5" branch-rate="0" complexity="2">
              <lines>
                <line number="11" hits="7"/>
                <line number="12" hits="0"/>
              </lines>
            </method>
            <method name="value" signature="" line-rate="1" branch-rate="0" complexity="1">
              <lines>
                <line number="18" hits="5"/>
              </lines>
            </method>
          </methods>
          <lines>
            <line number="11" hits="7"/>
            <line number="12" hits="0"/>
            <line number="18" hits="5"/>
          </lines>
        </class>
      </classes>
    </package>
    <package name="Domain/User/ValueObjects/UserId.php" line-rate="0.66666666666667" branch-rate="0" complexity="3">
      <classes>
        <class name="App\Domain\User\ValueObjects\UserId" filename="Domain/User/ValueObjects/UserId.php" line-rate="0.66666666666667" branch-rate="0" complexity="3">
          <methods>
            <method name="__construct" signature="string $value" line-rate="0.5" branch-rate="0" complexity="2">
              <lines>
                <line number="12" hits="7"/>
                <line number="13" hits="0"/>
              </lines>
            </method>
            <method name="value" signature="" line-rate="1" branch-rate="0" complexity="1">
              <lines>
                <line number="19" hits="6"/>
              </lines>
            </method>
          </methods>
          <lines>
            <line number="12" hits="7"/>
            <line number="13" hits="0"/>
            <line number="19" hits="6"/>
          </lines>
        </class>
      </classes>
    </package>
    <package name="Domain/User/ValueObjects/UserName.php" line-rate="0.66666666666667" branch-rate="0" complexity="3">
      <classes>
        <class name="App\Domain\User\ValueObjects\UserName" filename="Domain/User/ValueObjects/UserName.php" line-rate="0.66666666666667" branch-rate="0" complexity="3">
          <methods>
            <method name="__construct" signature="string $value" line-rate="0.5" branch-rate="0" complexity="2">
              <lines>
                <line number="11" hits="7"/>
                <line number="12" hits="0"/>
              </lines>
            </method>
            <method name="value" signature="" line-rate="1" branch-rate="0" complexity="1">
              <lines>
                <line number="18" hits="5"/>
              </lines>
            </method>
          </methods>
          <lines>
            <line number="11" hits="7"/>
            <line number="12" hits="0"/>
            <line number="18" hits="5"/>
          </lines>
        </class>
      </classes>
    </package>
    <package name="Infrastructure/Persistence/Eloquent/Mappers/EloquentUserMapper.php" line-rate="1" branch-rate="0" complexity="1">
      <classes>
        <class name="App\Infrastructure\Persistence\Eloquent\Mappers\EloquentUserMapper" filename="Infrastructure/Persistence/Eloquent/Mappers/EloquentUserMapper.php" line-rate="1" branch-rate="0" complexity="1">
          <methods>
            <method name="toDomain" signature="App\Infrastructure\Persistence\Eloquent\Models\UserModel $model" line-rate="1" branch-rate="0" complexity="1">
              <lines>
                <line number="15" hits="1"/>
                <line number="16" hits="1"/>
                <line number="17" hits="1"/>
                <line number="18" hits="1"/>
                <line number="19" hits="1"/>
                <line number="20" hits="1"/>
              </lines>
            </method>
          </methods>
          <lines>
            <line number="15" hits="1"/>
            <line number="16" hits="1"/>
            <line number="17" hits="1"/>
            <line number="18" hits="1"/>
            <line number="19" hits="1"/>
            <line number="20" hits="1"/>
          </lines>
        </class>
      </classes>
    </package>
    <package name="Infrastructure/Persistence/Eloquent/Models/UserModel.php" line-rate="0" branch-rate="0" complexity="0">
      <classes>
        <class name="App\Infrastructure\Persistence\Eloquent\Models\UserModel" filename="Infrastructure/Persistence/Eloquent/Models/UserModel.php" line-rate="0" branch-rate="0" complexity="0">
          <methods/>
          <lines/>
        </class>
      </classes>
    </package>
    <package name="Infrastructure/Persistence/Eloquent/Repositories/EloquentUserRepository.php" line-rate="0.96153846153846" branch-rate="0" complexity="6">
      <classes>
        <class name="App\Infrastructure\Persistence\Eloquent\Repositories\EloquentUserRepository" filename="Infrastructure/Persistence/Eloquent/Repositories/EloquentUserRepository.php" line-rate="0.96153846153846" branch-rate="0" complexity="6">
          <methods>
            <method name="save" signature="App\Domain\User\Entities\User $user" line-rate="1" branch-rate="0" complexity="2">
              <lines>
                <line number="17" hits="3"/>
                <line number="18" hits="2"/>
                <line number="19" hits="2"/>
                <line number="20" hits="2"/>
                <line number="21" hits="2"/>
                <line number="22" hits="2"/>
                <line number="24" hits="2"/>
                <line number="27" hits="1"/>
                <line number="28" hits="1"/>
                <line number="29" hits="1"/>
                <line number="30" hits="1"/>
                <line number="31" hits="1"/>
                <line number="32" hits="1"/>
                <line number="34" hits="1"/>
              </lines>
            </method>
            <method name="findById" signature="App\Domain\User\ValueObjects\UserId $id" line-rate="0.88888888888889" branch-rate="0" complexity="2">
              <lines>
                <line number="39" hits="4"/>
                <line number="41" hits="4"/>
                <line number="42" hits="0"/>
                <line number="45" hits="4"/>
                <line number="46" hits="4"/>
                <line number="47" hits="4"/>
                <line number="48" hits="4"/>
                <line number="49" hits="4"/>
                <line number="50" hits="4"/>
              </lines>
            </method>
            <method name="paginate" signature="int $perPage" line-rate="1" branch-rate="0" complexity="1">
              <lines>
                <line number="55" hits="1"/>
              </lines>
            </method>
            <method name="delete" signature="App\Domain\User\ValueObjects\UserId $id" line-rate="1" branch-rate="0" complexity="1">
              <lines>
                <line number="60" hits="1"/>
                <line number="62" hits="1"/>
              </lines>
            </method>
          </methods>
          <lines>
            <line number="17" hits="3"/>
            <line number="18" hits="2"/>
            <line number="19" hits="2"/>
            <line number="20" hits="2"/>
            <line number="21" hits="2"/>
            <line number="22" hits="2"/>
            <line number="24" hits="2"/>
            <line number="27" hits="1"/>
            <line number="28" hits="1"/>
            <line number="29" hits="1"/>
            <line number="30" hits="1"/>
            <line number="31" hits="1"/>
            <line number="32" hits="1"/>
            <line number="34" hits="1"/>
            <line number="39" hits="4"/>
            <line number="41" hits="4"/>
            <line number="42" hits="0"/>
            <line number="45" hits="4"/>
            <line number="46" hits="4"/>
            <line number="47" hits="4"/>
            <line number="48" hits="4"/>
            <line number="49" hits="4"/>
            <line number="50" hits="4"/>
            <line number="55" hits="1"/>
            <line number="60" hits="1"/>
            <line number="62" hits="1"/>
          </lines>
        </class>
      </classes>
    </package>
    <package name="Infrastructure/Security/LaravelPasswordHasher.php" line-rate="1" branch-rate="0" complexity="1">
      <classes>
        <class name="App\Infrastructure\Security\LaravelPasswordHasher" filename="Infrastructure/Security/LaravelPasswordHasher.php" line-rate="1" branch-rate="0" complexity="1">
          <methods>
            <method name="hash" signature="string $plain" line-rate="1" branch-rate="0" complexity="1">
              <lines>
                <line number="12" hits="1"/>
              </lines>
            </method>
          </methods>
          <lines>
            <line number="12" hits="1"/>
          </lines>
        </class>
      </classes>
    </package>
    <package name="Interfaces/Http/Controllers/Controller.php" line-rate="0" branch-rate="0" complexity="0">
      <classes>
        <class name="App\Interfaces\Http\Controllers\Controller" filename="Interfaces/Http/Controllers/Controller.php" line-rate="0" branch-rate="0" complexity="0">
          <methods/>
          <lines/>
        </class>
      </classes>
    </package>
    <package name="Interfaces/Http/Controllers/UserController.php" line-rate="1" branch-rate="0" complexity="5">
      <classes>
        <class name="App\Interfaces\Http\Controllers\UserController" filename="Interfaces/Http/Controllers/UserController.php" line-rate="1" branch-rate="0" complexity="5">
          <methods>
            <method name="store" signature="App\Interfaces\Http\Requests\CreateUserRequest $request, App\Application\User\UseCases\CreateUserHandler $handler" line-rate="1" branch-rate="0" complexity="1">
              <lines>
                <line number="25" hits="1"/>
                <line number="26" hits="1"/>
                <line number="28" hits="1"/>
                <line number="29" hits="1"/>
                <line number="30" hits="1"/>
                <line number="31" hits="1"/>
                <line number="32" hits="1"/>
              </lines>
            </method>
            <method name="update" signature="App\Interfaces\Http\Requests\UpdateUserRequest $request, string $id, App\Application\User\UseCases\UpdateUserHandler $handler" line-rate="1" branch-rate="0" complexity="1">
              <lines>
                <line number="37" hits="1"/>
                <line number="39" hits="1"/>
                <line number="41" hits="1"/>
                <line number="42" hits="1"/>
                <line number="43" hits="1"/>
                <line number="44" hits="1"/>
                <line number="45" hits="1"/>
              </lines>
            </method>
            <method name="show" signature="string $id, App\Application\User\UseCases\GetUserByIdHandler $handler" line-rate="1" branch-rate="0" complexity="1">
              <lines>
                <line number="50" hits="1"/>
                <line number="52" hits="1"/>
                <line number="53" hits="1"/>
                <line number="54" hits="1"/>
                <line number="55" hits="1"/>
              </lines>
            </method>
            <method name="index" signature="Illuminate\Http\Request $request, App\Application\User\UseCases\GetUsersPaginatedHandler $handler" line-rate="1" branch-rate="0" complexity="1">
              <lines>
                <line number="60" hits="1"/>
                <line number="62" hits="1"/>
                <line number="64" hits="1"/>
                <line number="65" hits="1"/>
                <line number="66" hits="1"/>
                <line number="67" hits="1"/>
              </lines>
            </method>
            <method name="destroy" signature="string $id, App\Application\User\UseCases\DeleteUserHandler $handler" line-rate="1" branch-rate="0" complexity="1">
              <lines>
                <line number="72" hits="1"/>
                <line number="74" hits="1"/>
                <line number="75" hits="1"/>
                <line number="76" hits="1"/>
              </lines>
            </method>
          </methods>
          <lines>
            <line number="25" hits="1"/>
            <line number="26" hits="1"/>
            <line number="28" hits="1"/>
            <line number="29" hits="1"/>
            <line number="30" hits="1"/>
            <line number="31" hits="1"/>
            <line number="32" hits="1"/>
            <line number="37" hits="1"/>
            <line number="39" hits="1"/>
            <line number="41" hits="1"/>
            <line number="42" hits="1"/>
            <line number="43" hits="1"/>
            <line number="44" hits="1"/>
            <line number="45" hits="1"/>
            <line number="50" hits="1"/>
            <line number="52" hits="1"/>
            <line number="53" hits="1"/>
            <line number="54" hits="1"/>
            <line number="55" hits="1"/>
            <line number="60" hits="1"/>
            <line number="62" hits="1"/>
            <line number="64" hits="1"/>
            <line number="65" hits="1"/>
            <line number="66" hits="1"/>
            <line number="67" hits="1"/>
            <line number="72" hits="1"/>
            <line number="74" hits="1"/>
            <line number="75" hits="1"/>
            <line number="76" hits="1"/>
          </lines>
        </class>
      </classes>
    </package>
    <package name="Interfaces/Http/Middleware/ForceJsonResponse.php" line-rate="0.85714285714286" branch-rate="0" complexity="3">
      <classes>
        <class name="App\Interfaces\Http\Middleware\ForceJsonResponse" filename="Interfaces/Http/Middleware/ForceJsonResponse.php" line-rate="0.85714285714286" branch-rate="0" complexity="3">
          <methods>
            <method name="handle" signature="Illuminate\Http\Request $request, Closure $next" line-rate="0.85714285714286" branch-rate="0" complexity="3">
              <lines>
                <line number="19" hits="5"/>
                <line number="20" hits="5"/>
                <line number="22" hits="5"/>
                <line number="24" hits="5"/>
                <line number="25" hits="5"/>
                <line number="28" hits="5"/>
                <line number="31" hits="0"/>
              </lines>
            </method>
          </methods>
          <lines>
            <line number="19" hits="5"/>
            <line number="20" hits="5"/>
            <line number="22" hits="5"/>
            <line number="24" hits="5"/>
            <line number="25" hits="5"/>
            <line number="28" hits="5"/>
            <line number="31" hits="0"/>
          </lines>
        </class>
      </classes>
    </package>
    <package name="Interfaces/Http/Requests/CreateUserRequest.php" line-rate="1" branch-rate="0" complexity="2">
      <classes>
        <class name="App\Interfaces\Http\Requests\CreateUserRequest" filename="Interfaces/Http/Requests/CreateUserRequest.php" line-rate="1" branch-rate="0" complexity="2">
          <methods>
            <method name="authorize" signature="" line-rate="1" branch-rate="0" complexity="1">
              <lines>
                <line number="15" hits="1"/>
              </lines>
            </method>
            <method name="rules" signature="" line-rate="1" branch-rate="0" complexity="1">
              <lines>
                <line number="25" hits="1"/>
                <line number="26" hits="1"/>
                <line number="27" hits="1"/>
                <line number="28" hits="1"/>
                <line number="29" hits="1"/>
              </lines>
            </method>
          </methods>
          <lines>
            <line number="15" hits="1"/>
            <line number="25" hits="1"/>
            <line number="26" hits="1"/>
            <line number="27" hits="1"/>
            <line number="28" hits="1"/>
            <line number="29" hits="1"/>
          </lines>
        </class>
      </classes>
    </package>
    <package name="Interfaces/Http/Requests/UpdateUserRequest.php" line-rate="1" branch-rate="0" complexity="2">
      <classes>
        <class name="App\Interfaces\Http\Requests\UpdateUserRequest" filename="Interfaces/Http/Requests/UpdateUserRequest.php" line-rate="1" branch-rate="0" complexity="2">
          <methods>
            <method name="authorize" signature="" line-rate="1" branch-rate="0" complexity="1">
              <lines>
                <line number="16" hits="1"/>
              </lines>
            </method>
            <method name="rules" signature="" line-rate="1" branch-rate="0" complexity="1">
              <lines>
                <line number="26" hits="1"/>
                <line number="27" hits="1"/>
                <line number="28" hits="1"/>
                <line number="29" hits="1"/>
                <line number="30" hits="1"/>
              </lines>
            </method>
          </methods>
          <lines>
            <line number="16" hits="1"/>
            <line number="26" hits="1"/>
            <line number="27" hits="1"/>
            <line number="28" hits="1"/>
            <line number="29" hits="1"/>
            <line number="30" hits="1"/>
          </lines>
        </class>
      </classes>
    </package>
    <package name="Interfaces/Http/Resources/Core/BaseCollection.php" line-rate="1" branch-rate="0" complexity="2">
      <classes>
        <class name="App\Interfaces\Http\Resources\Core\BaseCollection" filename="Interfaces/Http/Resources/Core/BaseCollection.php" line-rate="1" branch-rate="0" complexity="2">
          <methods>
            <method name="toArray" signature="$request" line-rate="1" branch-rate="0" complexity="1">
              <lines>
                <line number="15" hits="1"/>
                <line number="16" hits="1"/>
                <line number="17" hits="1"/>
                <line number="18" hits="1"/>
              </lines>
            </method>
            <method name="with" signature="$request" line-rate="1" branch-rate="0" complexity="1">
              <lines>
                <line number="23" hits="1"/>
                <line number="25" hits="1"/>
                <line number="26" hits="1"/>
                <line number="27" hits="1"/>
                <line number="28" hits="1"/>
                <line number="29" hits="1"/>
                <line number="30" hits="1"/>
                <line number="31" hits="1"/>
                <line number="32" hits="1"/>
                <line number="33" hits="1"/>
              </lines>
            </method>
          </methods>
          <lines>
            <line number="15" hits="1"/>
            <line number="16" hits="1"/>
            <line number="17" hits="1"/>
            <line number="18" hits="1"/>
            <line number="23" hits="1"/>
            <line number="25" hits="1"/>
            <line number="26" hits="1"/>
            <line number="27" hits="1"/>
            <line number="28" hits="1"/>
            <line number="29" hits="1"/>
            <line number="30" hits="1"/>
            <line number="31" hits="1"/>
            <line number="32" hits="1"/>
            <line number="33" hits="1"/>
          </lines>
        </class>
      </classes>
    </package>
    <package name="Interfaces/Http/Resources/Core/BaseResource.php" line-rate="0.77777777777778" branch-rate="0" complexity="6">
      <classes>
        <class name="App\Interfaces\Http\Resources\Core\BaseResource" filename="Interfaces/Http/Resources/Core/BaseResource.php" line-rate="0.77777777777778" branch-rate="0" complexity="6">
          <methods>
            <method name="unwrap" signature="mixed $value" line-rate="0.66666666666667" branch-rate="0" complexity="3">
              <lines>
                <line number="14" hits="4"/>
                <line number="15" hits="4"/>
                <line number="18" hits="0"/>
              </lines>
            </method>
            <method name="map" signature="array $fields" line-rate="0.83333333333333" branch-rate="0" complexity="3">
              <lines>
                <line number="23" hits="4"/>
                <line number="25" hits="4"/>
                <line number="26" hits="4"/>
                <line number="27" hits="0"/>
                <line number="29" hits="4"/>
                <line number="33" hits="4"/>
              </lines>
            </method>
          </methods>
          <lines>
            <line number="14" hits="4"/>
            <line number="15" hits="4"/>
            <line number="18" hits="0"/>
            <line number="23" hits="4"/>
            <line number="25" hits="4"/>
            <line number="26" hits="4"/>
            <line number="27" hits="0"/>
            <line number="29" hits="4"/>
            <line number="33" hits="4"/>
          </lines>
        </class>
      </classes>
    </package>
    <package name="Interfaces/Http/Resources/UserCollection.php" line-rate="1" branch-rate="0" complexity="2">
      <classes>
        <class name="App\Interfaces\Http\Resources\UserCollection" filename="Interfaces/Http/Resources/UserCollection.php" line-rate="1" branch-rate="0" complexity="2">
          <methods>
            <method name="mapper" signature="$model" line-rate="1" branch-rate="0" complexity="1">
              <lines>
                <line number="13" hits="1"/>
              </lines>
            </method>
            <method name="resourceClass" signature="" line-rate="1" branch-rate="0" complexity="1">
              <lines>
                <line number="18" hits="1"/>
              </lines>
            </method>
          </methods>
          <lines>
            <line number="13" hits="1"/>
            <line number="18" hits="1"/>
          </lines>
        </class>
      </classes>
    </package>
    <package name="Interfaces/Http/Resources/UserResource.php" line-rate="1" branch-rate="0" complexity="1">
      <classes>
        <class name="App\Interfaces\Http\Resources\UserResource" filename="Interfaces/Http/Resources/UserResource.php" line-rate="1" branch-rate="0" complexity="1">
          <methods>
            <method name="toArray" signature="Illuminate\Http\Request $request" line-rate="1" branch-rate="0" complexity="1">
              <lines>
                <line number="20" hits="4"/>
                <line number="21" hits="4"/>
                <line number="22" hits="4"/>
                <line number="23" hits="4"/>
                <line number="24" hits="4"/>
              </lines>
            </method>
          </methods>
          <lines>
            <line number="20" hits="4"/>
            <line number="21" hits="4"/>
            <line number="22" hits="4"/>
            <line number="23" hits="4"/>
            <line number="24" hits="4"/>
          </lines>
        </class>
      </classes>
    </package>
    <package name="Interfaces/Http/Responses/ApiResponse.php" line-rate="0.48648648648649" branch-rate="0" complexity="7">
      <classes>
        <class name="App\Interfaces\Http\Responses\ApiResponse" filename="Interfaces/Http/Responses/ApiResponse.php" line-rate="0.48648648648649" branch-rate="0" complexity="7">
          <methods>
            <method name="success" signature="string $message, mixed $data, ?array $meta, int $status" line-rate="0.94736842105263" branch-rate="0" complexity="3">
              <lines>
                <line number="17" hits="5"/>
                <line number="18" hits="4"/>
                <line number="20" hits="4"/>
                <line number="21" hits="4"/>
                <line number="22" hits="0"/>
                <line number="24" hits="4"/>
                <line number="26" hits="4"/>
                <line number="27" hits="4"/>
                <line number="28" hits="4"/>
                <line number="29" hits="4"/>
                <line number="30" hits="4"/>
                <line number="31" hits="4"/>
                <line number="33" hits="4"/>
                <line number="36" hits="1"/>
                <line number="37" hits="1"/>
                <line number="38" hits="1"/>
                <line number="39" hits="1"/>
                <line number="40" hits="1"/>
                <line number="41" hits="1"/>
              </lines>
            </method>
            <method name="error" signature="string $message, mixed $errors, int $status" line-rate="0" branch-rate="0" complexity="4">
              <lines>
                <line number="50" hits="0"/>
                <line number="52" hits="0"/>
                <line number="54" hits="0"/>
                <line number="55" hits="0"/>
                <line number="56" hits="0"/>
                <line number="58" hits="0"/>
                <line number="59" hits="0"/>
                <line number="60" hits="0"/>
                <line number="61" hits="0"/>
                <line number="62" hits="0"/>
                <line number="64" hits="0"/>
                <line number="65" hits="0"/>
                <line number="68" hits="0"/>
                <line number="71" hits="0"/>
                <line number="72" hits="0"/>
                <line number="73" hits="0"/>
                <line number="74" hits="0"/>
                <line number="75" hits="0"/>
              </lines>
            </method>
          </methods>
          <lines>
            <line number="17" hits="5"/>
            <line number="18" hits="4"/>
            <line number="20" hits="4"/>
            <line number="21" hits="4"/>
            <line number="22" hits="0"/>
            <line number="24" hits="4"/>
            <line number="26" hits="4"/>
            <line number="27" hits="4"/>
            <line number="28" hits="4"/>
            <line number="29" hits="4"/>
            <line number="30" hits="4"/>
            <line number="31" hits="4"/>
            <line number="33" hits="4"/>
            <line number="36" hits="1"/>
            <line number="37" hits="1"/>
            <line number="38" hits="1"/>
            <line number="39" hits="1"/>
            <line number="40" hits="1"/>
            <line number="41" hits="1"/>
            <line number="50" hits="0"/>
            <line number="52" hits="0"/>
            <line number="54" hits="0"/>
            <line number="55" hits="0"/>
            <line number="56" hits="0"/>
            <line number="58" hits="0"/>
            <line number="59" hits="0"/>
            <line number="60" hits="0"/>
            <line number="61" hits="0"/>
            <line number="62" hits="0"/>
            <line number="64" hits="0"/>
            <line number="65" hits="0"/>
            <line number="68" hits="0"/>
            <line number="71" hits="0"/>
            <line number="72" hits="0"/>
            <line number="73" hits="0"/>
            <line number="74" hits="0"/>
            <line number="75" hits="0"/>
          </lines>
        </class>
      </classes>
    </package>
    <package name="Models/User.php" line-rate="1" branch-rate="0" complexity="1">
      <classes>
        <class name="App\Models\User" filename="Models/User.php" line-rate="1" branch-rate="0" complexity="1">
          <methods>
            <method name="casts" signature="" line-rate="1" branch-rate="0" complexity="1">
              <lines>
                <line number="48" hits="6"/>
                <line number="49" hits="6"/>
                <line number="50" hits="6"/>
                <line number="51" hits="6"/>
              </lines>
            </method>
          </methods>
          <lines>
            <line number="48" hits="6"/>
            <line number="49" hits="6"/>
            <line number="50" hits="6"/>
            <line number="51" hits="6"/>
          </lines>
        </class>
      </classes>
    </package>
    <package name="Providers/AppServiceProvider.php" line-rate="1" branch-rate="0" complexity="2">
      <classes>
        <class name="App\Providers\AppServiceProvider" filename="Providers/AppServiceProvider.php" line-rate="1" branch-rate="0" complexity="2">
          <methods>
            <method name="register" signature="" line-rate="1" branch-rate="0" complexity="1">
              <lines>
                <line number="18" hits="6"/>
                <line number="19" hits="6"/>
              </lines>
            </method>
            <method name="boot" signature="" line-rate="1" branch-rate="0" complexity="1">
              <lines>
                <line number="28" hits="6"/>
              </lines>
            </method>
          </methods>
          <lines>
            <line number="18" hits="6"/>
            <line number="19" hits="6"/>
            <line number="28" hits="6"/>
          </lines>
        </class>
      </classes>
    </package>
  </packages>
</coverage>
